0 info it worked if it ends with ok
1 verbose cli [ 'node',
1 verbose cli   '/usr/local/bin/npm',
1 verbose cli   'install',
1 verbose cli   '--save-dev',
1 verbose cli   'gulp-uglify' ]
2 info using npm@2.0.2
3 info using node@v0.10.31
4 verbose node symlink /usr/local/bin/node
5 warn package.json Template@1.0.0 No description
6 warn package.json Template@1.0.0 No README data
7 verbose readDependencies using package.json deps
8 verbose cache add [ 'gulp-uglify', null ]
9 verbose cache add spec="gulp-uglify" args=["gulp-uglify",null]
10 verbose parsed spec { raw: 'gulp-uglify',
10 verbose parsed spec   scope: null,
10 verbose parsed spec   name: 'gulp-uglify',
10 verbose parsed spec   rawSpec: '',
10 verbose parsed spec   spec: '*',
10 verbose parsed spec   type: 'range' }
11 verbose parsed spec { raw: 'gulp-uglify',
11 verbose parsed spec   scope: null,
11 verbose parsed spec   name: 'gulp-uglify',
11 verbose parsed spec   rawSpec: '',
11 verbose parsed spec   spec: '*',
11 verbose parsed spec   type: 'range' }
12 verbose addNamed [ 'gulp-uglify', '*' ]
13 verbose addNamed [ null, '*' ]
14 silly lockFile d7240a72-gulp-uglify gulp-uglify@*
15 verbose lock gulp-uglify@* /Users/jasonhettmansperger/.npm/d7240a72-gulp-uglify.lock
16 silly addNameRange { name: 'gulp-uglify', range: '*', hasData: false }
17 verbose mapToRegistry name gulp-uglify
18 verbose mapToRegistry uri https://registry.npmjs.org/gulp-uglify
19 verbose request on initialization, where is /gulp-uglify
20 verbose request after pass 1, where is /gulp-uglify
21 verbose request url raw /gulp-uglify
22 verbose request resolving registry [ 'https://registry.npmjs.org/', './gulp-uglify' ]
23 verbose request after pass 2, where is https://registry.npmjs.org/gulp-uglify
24 verbose request no auth needed
25 info attempt registry request try #1 at 12:20:51
26 verbose request id aa454d9870b36d97
27 verbose etag "EUU2QK4WRF829BHGRV5UDEH4T"
28 http request GET https://registry.npmjs.org/gulp-uglify
29 http 200 https://registry.npmjs.org/gulp-uglify
30 silly registry.get cb [ 200,
30 silly registry.get   { server: 'CouchDB/1.5.0 (Erlang OTP/R16B03)',
30 silly registry.get     etag: '"1RJVP9MZFETQR2Q41G2HAHLKX"',
30 silly registry.get     'content-type': 'application/json',
30 silly registry.get     'cache-control': 'max-age=60',
30 silly registry.get     'content-length': '25763',
30 silly registry.get     'accept-ranges': 'bytes',
30 silly registry.get     date: 'Tue, 12 May 2015 16:20:45 GMT',
30 silly registry.get     via: '1.1 varnish',
30 silly registry.get     age: '3',
30 silly registry.get     connection: 'keep-alive',
30 silly registry.get     'x-served-by': 'cache-atl6235-ATL',
30 silly registry.get     'x-cache': 'HIT',
30 silly registry.get     'x-cache-hits': '1',
30 silly registry.get     'x-timer': 'S1431447645.557517,VS0,VE0',
30 silly registry.get     vary: 'Accept' } ]
31 silly addNameRange number 2 { name: 'gulp-uglify', range: '*', hasData: true }
32 silly addNameRange versions [ 'gulp-uglify',
32 silly addNameRange   [ '0.0.1',
32 silly addNameRange     '0.0.3',
32 silly addNameRange     '0.0.4',
32 silly addNameRange     '0.1.0',
32 silly addNameRange     '0.2.0',
32 silly addNameRange     '0.2.1',
32 silly addNameRange     '0.3.0',
32 silly addNameRange     '0.3.1',
32 silly addNameRange     '0.3.2',
32 silly addNameRange     '1.0.0-0',
32 silly addNameRange     '1.0.0',
32 silly addNameRange     '1.0.1',
32 silly addNameRange     '1.0.2',
32 silly addNameRange     '1.1.0',
32 silly addNameRange     '1.2.0' ] ]
33 verbose addNamed [ 'gulp-uglify', '1.2.0' ]
34 verbose addNamed [ '1.2.0', '1.2.0' ]
35 silly lockFile 9d272576-gulp-uglify-1-2-0 gulp-uglify@1.2.0
36 verbose lock gulp-uglify@1.2.0 /Users/jasonhettmansperger/.npm/9d272576-gulp-uglify-1-2-0.lock
37 silly lockFile a22faf16-ulp-uglify-gulp-uglify-1-2-0-tgz https://registry.npmjs.org/gulp-uglify/-/gulp-uglify-1.2.0.tgz
38 verbose lock https://registry.npmjs.org/gulp-uglify/-/gulp-uglify-1.2.0.tgz /Users/jasonhettmansperger/.npm/a22faf16-ulp-uglify-gulp-uglify-1-2-0-tgz.lock
39 verbose addRemoteTarball [ 'https://registry.npmjs.org/gulp-uglify/-/gulp-uglify-1.2.0.tgz',
39 verbose addRemoteTarball   '760a86a5cf68453e0036130763dde2952093e38b' ]
40 info retry fetch attempt 1 at 12:20:51
41 info attempt registry request try #1 at 12:20:51
42 http fetch GET https://registry.npmjs.org/gulp-uglify/-/gulp-uglify-1.2.0.tgz
43 http fetch 200 https://registry.npmjs.org/gulp-uglify/-/gulp-uglify-1.2.0.tgz
44 silly fetchAndShaCheck shasum 760a86a5cf68453e0036130763dde2952093e38b
45 silly lockFile a22faf16-ulp-uglify-gulp-uglify-1-2-0-tgz https://registry.npmjs.org/gulp-uglify/-/gulp-uglify-1.2.0.tgz
46 silly lockFile a22faf16-ulp-uglify-gulp-uglify-1-2-0-tgz https://registry.npmjs.org/gulp-uglify/-/gulp-uglify-1.2.0.tgz
47 silly lockFile 9d272576-gulp-uglify-1-2-0 gulp-uglify@1.2.0
48 silly lockFile 9d272576-gulp-uglify-1-2-0 gulp-uglify@1.2.0
49 silly lockFile d7240a72-gulp-uglify gulp-uglify@*
50 silly lockFile d7240a72-gulp-uglify gulp-uglify@*
51 verbose stack Error: EACCES, mkdir '/Users/jasonhettmansperger/.npm/gulp-uglify/1.2.0'
52 verbose cwd /Users/jasonhettmansperger/Projects/ode
53 error Darwin 13.4.0
54 error argv "node" "/usr/local/bin/npm" "install" "--save-dev" "gulp-uglify"
55 error node v0.10.31
56 error npm  v2.0.2
57 error path /Users/jasonhettmansperger/.npm/gulp-uglify/1.2.0
58 error code EACCES
59 error errno 3
60 error Error: EACCES, mkdir '/Users/jasonhettmansperger/.npm/gulp-uglify/1.2.0'
60 error  { [Error: EACCES, mkdir '/Users/jasonhettmansperger/.npm/gulp-uglify/1.2.0']
60 error   errno: 3,
60 error   code: 'EACCES',
60 error   path: '/Users/jasonhettmansperger/.npm/gulp-uglify/1.2.0',
60 error   parent: 'Template' }
61 error Please try running this command again as root/Administrator.
62 verbose exit [ 3, true ]
